<?xml version="1.0" encoding="UTF-8"?>
<!-- Generated by org.testng.reporters.JUnitXMLReporter -->
<testsuite hostname="QAP27-PC" ignored="1" name="DefaultGroup Test" tests="2" failures="0" timestamp="07 Sep 2018 07:27:54 GMT" time="0.061" errors="0">
  <testcase name="test1" time="0.006" classname="testnggroups.DefaultGroup"/>
  <testcase name="test2" time="0.002" classname="testnggroups.DefaultGroup"/>
  <testcase name="test3" time="0.0" classname="testnggroups.DefaultGroup">
    <ignored/>
  </testcase> <!-- test3 -->
</testsuite> <!-- DefaultGroup Test -->
