<?xml version="1.0" encoding="UTF-8"?>
<!-- Generated by org.testng.reporters.JUnitXMLReporter -->
<testsuite hostname="QAP27-PC" ignored="1" name="Group Test" tests="2" failures="0" timestamp="07 Sep 2018 06:58:40 GMT" time="0.04" errors="0">
  <testcase name="testMethod1" time="0.011" classname="testnggroups.TestGroupExample"/>
  <testcase name="testMethod3" time="0.001" classname="testnggroups.TestGroupExample"/>
  <testcase name="testMethod2" time="0.0" classname="testnggroups.TestGroupExample">
    <ignored/>
  </testcase> <!-- testMethod2 -->
</testsuite> <!-- Group Test -->
