<?xml version="1.0" encoding="UTF-8"?>
<!-- Generated by org.testng.reporters.JUnitXMLReporter -->
<testsuite hostname="QAP27-PC" ignored="1" name="Group Test two" tests="2" failures="0" timestamp="07 Sep 2018 07:12:14 GMT" time="0.054" errors="0">
  <testcase name="test2" time="0.01" classname="testnggroups.MultipleGroupExample"/>
  <testcase name="test3" time="0.001" classname="testnggroups.MultipleGroupExample"/>
  <testcase name="test1" time="0.0" classname="testnggroups.MultipleGroupExample">
    <ignored/>
  </testcase> <!-- test1 -->
</testsuite> <!-- Group Test two -->
