<?xml version="1.0" encoding="UTF-8"?>
<!-- Generated by org.testng.reporters.JUnitXMLReporter -->
<testsuite hostname="QAP27-PC" ignored="0" name="myTest" tests="4" failures="0" timestamp="06 Sep 2018 07:54:06 GMT" time="0.06" errors="0">
  <testcase name="deleteLocation" time="0.016" classname="testNG.Example2"/>
  <testcase name="editLocation" time="0.002" classname="testNG.Example2"/>
  <testcase name="addLocation" time="0.002" classname="testNG.Example3"/>
  <testcase name="editCompany" time="0.001" classname="testNG.Example3"/>
</testsuite> <!-- myTest -->
