<?xml version="1.0" encoding="UTF-8"?>
<!-- Generated by org.testng.reporters.JUnitXMLReporter -->
<testsuite hostname="QAP27-PC" ignored="1" name="Exclude Group Test" tests="2" failures="0" timestamp="07 Sep 2018 07:48:44 GMT" time="0.056" errors="0">
  <testcase name="test1" time="0.014" classname="testnggroups.Excludindgroups"/>
  <testcase name="test3" time="0.004" classname="testnggroups.Excludindgroups"/>
  <testcase name="test2" time="0.0" classname="testnggroups.Excludindgroups">
    <ignored/>
  </testcase> <!-- test2 -->
</testsuite> <!-- Exclude Group Test -->
